app/build/intermediates/manifest_merge_blame_file/debug/processDebugMainManifest/manifest-merger-blame-debug-report.txt
1<?xml version="1.0" encoding="utf-8"?>
2<manifest xmlns:android="http://schemas.android.com/apk/res/android"
3    package="com.example.demo"
4    android:versionCode="1"
5    android:versionName="1.0" >
6
7    <uses-sdk
8        android:minSdkVersion="24"
9        android:targetSdkVersion="35" />
10
11    <uses-permission android:name="android.permission.INTERNET" />
11-->src/main/AndroidManifest.xml:2:5-67
11-->src/main/AndroidManifest.xml:2:22-64
12    <uses-permission android:name="android.permission.ACCESS_NETWORK_STATE" />
12-->src/main/AndroidManifest.xml:3:5-79
12-->src/main/AndroidManifest.xml:3:22-76
13
14    <permission
14-->[androidx.core:core:1.13.1] AndroidManifest.xml:22:5-24:47
15        android:name="com.example.demo.DYNAMIC_RECEIVER_NOT_EXPORTED_PERMISSION"
15-->[androidx.core:core:1.13.1] AndroidManifest.xml:23:9-81
16        android:protectionLevel="signature" />
16-->[androidx.core:core:1.13.1] AndroidManifest.xml:24:9-44
17
18    <uses-permission android:name="com.example.demo.DYNAMIC_RECEIVER_NOT_EXPORTED_PERMISSION" />
18-->[androidx.core:core:1.13.1] AndroidManifest.xml:26:5-97
18-->[androidx.core:core:1.13.1] AndroidManifest.xml:26:22-94
19
20    <application
20-->src/main/AndroidManifest.xml:4:5-17:19
21        android:name="com.example.demo.ListCarApp"
21-->src/main/AndroidManifest.xml:5:9-51
22        android:appComponentFactory="androidx.core.app.CoreComponentFactory"
22-->[androidx.core:core:1.13.1] AndroidManifest.xml:28:18-86
23        android:debuggable="true"
24        android:extractNativeLibs="false"
25        android:icon="@mipmap/ic_launcher"
25-->src/main/AndroidManifest.xml:7:9-43
26        android:label="Rent a Car"
26-->src/main/AndroidManifest.xml:6:9-35
27        android:testOnly="true"
28        android:theme="@style/Theme.RentACar" >
28-->src/main/AndroidManifest.xml:8:9-46
29        <activity
29-->src/main/AndroidManifest.xml:9:9-16:20
30            android:name="com.example.demo.MainActivity"
30-->src/main/AndroidManifest.xml:10:13-57
31            android:exported="true" >
31-->src/main/AndroidManifest.xml:11:13-36
32            <intent-filter>
32-->src/main/AndroidManifest.xml:12:13-15:29
33                <action android:name="android.intent.action.MAIN" />
33-->src/main/AndroidManifest.xml:13:17-69
33-->src/main/AndroidManifest.xml:13:25-66
34
35                <category android:name="android.intent.category.LAUNCHER" />
35-->src/main/AndroidManifest.xml:14:17-77
35-->src/main/AndroidManifest.xml:14:27-74
36            </intent-filter>
37        </activity>
38        <activity
38-->[androidx.compose.ui:ui-tooling-android:1.8.2] AndroidManifest.xml:23:9-25:39
39            android:name="androidx.compose.ui.tooling.PreviewActivity"
39-->[androidx.compose.ui:ui-tooling-android:1.8.2] AndroidManifest.xml:24:13-71
40            android:exported="true" />
40-->[androidx.compose.ui:ui-tooling-android:1.8.2] AndroidManifest.xml:25:13-36
41
42        <provider
42-->[androidx.emoji2:emoji2:1.4.0] AndroidManifest.xml:24:9-32:20
43            android:name="androidx.startup.InitializationProvider"
43-->[androidx.emoji2:emoji2:1.4.0] AndroidManifest.xml:25:13-67
44            android:authorities="com.example.demo.androidx-startup"
44-->[androidx.emoji2:emoji2:1.4.0] AndroidManifest.xml:26:13-68
45            android:exported="false" >
45-->[androidx.emoji2:emoji2:1.4.0] AndroidManifest.xml:27:13-37
46            <meta-data
46-->[androidx.emoji2:emoji2:1.4.0] AndroidManifest.xml:29:13-31:52
47                android:name="androidx.emoji2.text.EmojiCompatInitializer"
47-->[androidx.emoji2:emoji2:1.4.0] AndroidManifest.xml:30:17-75
48                android:value="androidx.startup" />
48-->[androidx.emoji2:emoji2:1.4.0] AndroidManifest.xml:31:17-49
49            <meta-data
49-->[androidx.lifecycle:lifecycle-process:2.9.0] AndroidManifest.xml:29:13-31:52
50                android:name="androidx.lifecycle.ProcessLifecycleInitializer"
50-->[androidx.lifecycle:lifecycle-process:2.9.0] AndroidManifest.xml:30:17-78
51                android:value="androidx.startup" />
51-->[androidx.lifecycle:lifecycle-process:2.9.0] AndroidManifest.xml:31:17-49
52            <meta-data
52-->[androidx.profileinstaller:profileinstaller:1.4.0] AndroidManifest.xml:29:13-31:52
53                android:name="androidx.profileinstaller.ProfileInstallerInitializer"
53-->[androidx.profileinstaller:profileinstaller:1.4.0] AndroidManifest.xml:30:17-85
54                android:value="androidx.startup" />
54-->[androidx.profileinstaller:profileinstaller:1.4.0] AndroidManifest.xml:31:17-49
55        </provider>
56
57        <receiver
57-->[androidx.profileinstaller:profileinstaller:1.4.0] AndroidManifest.xml:34:9-52:20
58            android:name="androidx.profileinstaller.ProfileInstallReceiver"
58-->[androidx.profileinstaller:profileinstaller:1.4.0] AndroidManifest.xml:35:13-76
59            android:directBootAware="false"
59-->[androidx.profileinstaller:profileinstaller:1.4.0] AndroidManifest.xml:36:13-44
60            android:enabled="true"
60-->[androidx.profileinstaller:profileinstaller:1.4.0] AndroidManifest.xml:37:13-35
61            android:exported="true"
61-->[androidx.profileinstaller:profileinstaller:1.4.0] AndroidManifest.xml:38:13-36
62            android:permission="android.permission.DUMP" >
62-->[androidx.profileinstaller:profileinstaller:1.4.0] AndroidManifest.xml:39:13-57
63            <intent-filter>
63-->[androidx.profileinstaller:profileinstaller:1.4.0] AndroidManifest.xml:40:13-42:29
64                <action android:name="androidx.profileinstaller.action.INSTALL_PROFILE" />
64-->[androidx.profileinstaller:profileinstaller:1.4.0] AndroidManifest.xml:41:17-91
64-->[androidx.profileinstaller:profileinstaller:1.4.0] AndroidManifest.xml:41:25-88
65            </intent-filter>
66            <intent-filter>
66-->[androidx.profileinstaller:profileinstaller:1.4.0] AndroidManifest.xml:43:13-45:29
67                <action android:name="androidx.profileinstaller.action.SKIP_FILE" />
67-->[androidx.profileinstaller:profileinstaller:1.4.0] AndroidManifest.xml:44:17-85
67-->[androidx.profileinstaller:profileinstaller:1.4.0] AndroidManifest.xml:44:25-82
68            </intent-filter>
69            <intent-filter>
69-->[androidx.profileinstaller:profileinstaller:1.4.0] AndroidManifest.xml:46:13-48:29
70                <action android:name="androidx.profileinstaller.action.SAVE_PROFILE" />
70-->[androidx.profileinstaller:profileinstaller:1.4.0] AndroidManifest.xml:47:17-88
70-->[androidx.profileinstaller:profileinstaller:1.4.0] AndroidManifest.xml:47:25-85
71            </intent-filter>
72            <intent-filter>
72-->[androidx.profileinstaller:profileinstaller:1.4.0] AndroidManifest.xml:49:13-51:29
73                <action android:name="androidx.profileinstaller.action.BENCHMARK_OPERATION" />
73-->[androidx.profileinstaller:profileinstaller:1.4.0] AndroidManifest.xml:50:17-95
73-->[androidx.profileinstaller:profileinstaller:1.4.0] AndroidManifest.xml:50:25-92
74            </intent-filter>
75        </receiver>
76    </application>
77
78</manifest>